Assuming unrestricted shared filesystem usage.
host: tier2-p-login-1
Building DAG of jobs...
Using shell: /usr/bin/bash
Provided cores: 1 (use --cores to define parallelism)
Rules claiming more threads will be scaled down.
Job stats:
job           count
----------  -------
all               1
calc_gc           2
create_tsv        1
total             4

Select jobs to execute...
Execute 1 jobs...
[Thu Mar 12 15:13:36 2026]
localrule calc_gc:
    input: test1.fa
    output: test1.gc
    jobid: 2
    reason: Code has changed since last execution
    wildcards: sample=test1
    resources: tmpdir=/local_scratch
Select jobs to execute...
[Thu Mar 12 15:13:37 2026]
Finished jobid: 2 (Rule: calc_gc)
1 of 4 steps (25%) done
Execute 1 jobs...
[Thu Mar 12 15:13:37 2026]
localrule calc_gc:
    input: test2.fa
    output: test2.gc
    jobid: 3
    reason: Code has changed since last execution
    wildcards: sample=test2
    resources: tmpdir=/local_scratch
[Thu Mar 12 15:13:39 2026]
Finished jobid: 3 (Rule: calc_gc)
2 of 4 steps (50%) done
Select jobs to execute...
Execute 1 jobs...
[Thu Mar 12 15:13:39 2026]
localrule create_tsv:
    input: test1.gc, test2.gc
    output: 030.output/output.tsv
    jobid: 1
    reason: Input files updated by another job: test2.gc, test1.gc
    resources: tmpdir=/local_scratch
[Thu Mar 12 15:13:39 2026]
Finished jobid: 1 (Rule: create_tsv)
3 of 4 steps (75%) done
Select jobs to execute...
Execute 1 jobs...
[Thu Mar 12 15:13:39 2026]
localrule all:
    input: 030.output/output.tsv
    jobid: 0
    reason: Input files updated by another job: 030.output/output.tsv
    resources: tmpdir=/local_scratch
[Thu Mar 12 15:13:39 2026]
Finished jobid: 0 (Rule: all)
4 of 4 steps (100%) done
Complete log(s): /vsc-hard-mounts/leuven-data/381/vsc38184/large_omics/r1097686_Pietro_Maria_Zangrando/020_snakemake_gc/.snakemake/log/2026-03-12T151335.733850.snakemake.log
